<?xml version="1.0" encoding="UTF-8"?>
<testng-results ignored="0" total="1" passed="1" failed="0" skipped="0">
  <reporter-output>
  </reporter-output>
  <suite started-at="2023-01-20T13:23:12 IST" name="Default suite" finished-at="2023-01-20T13:23:14 IST" duration-ms="1361">
    <groups>
    </groups>
    <test started-at="2023-01-20T13:23:12 IST" name="Default test" finished-at="2023-01-20T13:23:14 IST" duration-ms="1361">
      <class name="test.ResponseBodyValidation">
        <test-method signature="BodyPrint()[pri:0, instance:test.ResponseBodyValidation@15eb5ee5]" started-at="2023-01-20T13:23:12 IST" name="BodyPrint" finished-at="2023-01-20T13:23:14 IST" duration-ms="1330" status="PASS">
          <reporter-output>
          </reporter-output>
        </test-method> <!-- BodyPrint -->
      </class> <!-- test.ResponseBodyValidation -->
    </test> <!-- Default test -->
  </suite> <!-- Default suite -->
</testng-results>
